[debug] [2023-02-27T21:36:47.569Z] ----------------------------------------------------------------------
[debug] [2023-02-27T21:36:47.570Z] Command:       /usr/local/bin/node /usr/local/bin/firebase deploy
[debug] [2023-02-27T21:36:47.570Z] CLI Version:   11.24.0
[debug] [2023-02-27T21:36:47.570Z] Platform:      darwin
[debug] [2023-02-27T21:36:47.570Z] Node Version:  v18.14.2
[debug] [2023-02-27T21:36:47.573Z] Time:          Mon Feb 27 2023 22:36:47 GMT+0100 (heure normale d’Europe centrale)
[debug] [2023-02-27T21:36:47.573Z] ----------------------------------------------------------------------
[debug] 
[debug] [2023-02-27T21:36:47.606Z] > command requires scopes: ["email","openid","https://www.googleapis.com/auth/cloudplatformprojects.readonly","https://www.googleapis.com/auth/firebase","https://www.googleapis.com/auth/cloud-platform"]
[debug] [2023-02-27T21:36:47.606Z] > authorizing via signed-in user (halleuxarnaudpro@gmail.com)
[debug] [2023-02-27T21:36:47.606Z] [iam] checking project mywebproject-983c8 for permissions ["firebase.projects.get","firebasehosting.sites.update"]
[debug] [2023-02-27T21:36:47.607Z] > refreshing access token with scopes: []
[debug] [2023-02-27T21:36:47.608Z] >>> [apiv2][query] POST https://www.googleapis.com/oauth2/v3/token [none]
[debug] [2023-02-27T21:36:47.608Z] >>> [apiv2][body] POST https://www.googleapis.com/oauth2/v3/token [omitted]
[debug] [2023-02-27T21:36:47.922Z] <<< [apiv2][status] POST https://www.googleapis.com/oauth2/v3/token 200
[debug] [2023-02-27T21:36:47.922Z] <<< [apiv2][body] POST https://www.googleapis.com/oauth2/v3/token [omitted]
[debug] [2023-02-27T21:36:47.962Z] >>> [apiv2][query] POST https://cloudresourcemanager.googleapis.com/v1/projects/mywebproject-983c8:testIamPermissions [none]
[debug] [2023-02-27T21:36:47.962Z] >>> [apiv2][(partial)header] POST https://cloudresourcemanager.googleapis.com/v1/projects/mywebproject-983c8:testIamPermissions x-goog-quota-user=projects/mywebproject-983c8
[debug] [2023-02-27T21:36:47.962Z] >>> [apiv2][body] POST https://cloudresourcemanager.googleapis.com/v1/projects/mywebproject-983c8:testIamPermissions {"permissions":["firebase.projects.get","firebasehosting.sites.update"]}
[debug] [2023-02-27T21:36:48.235Z] <<< [apiv2][status] POST https://cloudresourcemanager.googleapis.com/v1/projects/mywebproject-983c8:testIamPermissions 200
[debug] [2023-02-27T21:36:48.235Z] <<< [apiv2][body] POST https://cloudresourcemanager.googleapis.com/v1/projects/mywebproject-983c8:testIamPermissions {"permissions":["firebase.projects.get","firebasehosting.sites.update"]}
[debug] [2023-02-27T21:36:48.237Z] >>> [apiv2][query] GET https://firebase.googleapis.com/v1beta1/projects/mywebproject-983c8 [none]
[debug] [2023-02-27T21:36:48.654Z] <<< [apiv2][status] GET https://firebase.googleapis.com/v1beta1/projects/mywebproject-983c8 200
[debug] [2023-02-27T21:36:48.654Z] <<< [apiv2][body] GET https://firebase.googleapis.com/v1beta1/projects/mywebproject-983c8 {"projectId":"mywebproject-983c8","projectNumber":"662885236596","displayName":"MyWebProject","name":"projects/mywebproject-983c8","resources":{"hostingSite":"mywebproject-983c8"},"state":"ACTIVE","etag":"1_2c3441d5-57f6-4659-982a-b952ef6cc005"}
[info] 
[info] === Deploying to 'mywebproject-983c8'...
[info] 
[info] i  deploying hosting 
[debug] [2023-02-27T21:36:48.660Z] >>> [apiv2][query] POST https://firebasehosting.googleapis.com/v1beta1/projects/-/sites/mywebproject-983c8/versions [none]
[debug] [2023-02-27T21:36:48.660Z] >>> [apiv2][body] POST https://firebasehosting.googleapis.com/v1beta1/projects/-/sites/mywebproject-983c8/versions {"status":"CREATED","labels":{"deployment-tool":"cli-firebase"}}
